# JRE version: Java(TM) SE Runtime Environment (17.0.2+8) (build 17.0.2+8-LTS-86)
# Java VM: Java HotSpot(TM) 64-Bit Server VM (17.0.2+8-LTS-86, mixed mode, sharing, tiered, compressed oops, compressed class ptrs, g1 gc, windows-amd64)
GC Precious Log:
 CPUs: 8 total, 8 available
 Memory: 16266M
 Large Page Support: Disabled
 NUMA Support: Disabled
 Compressed Oops: Enabled (32-bit)
 Heap Region Size: 1M
 Heap Min Capacity: 8M
 Heap Initial Capacity: 256M
 Heap Max Capacity: 2G
 Pre-touch: Disabled
 Parallel Workers: 8
 Concurrent Workers: 2
 Concurrent Refinement Workers: 8
 Periodic GC: Disabled
Heap:
 garbage-first heap   total 158720K, used 95342K [0x0000000080000000, 0x0000000100000000)
  region size 1024K, 6 young (6144K), 6 survivors (6144K)
 Metaspace       used 80341K, committed 81088K, reserved 495616K
  class space    used 11217K, committed 11584K, reserved 421888K
GC Heap History (20 events):
Event: 12.153 GC heap after
{Heap after GC invocations=27 (full 0):
 garbage-first heap   total 116736K, used 65493K [0x0000000080000000, 0x0000000100000000)
  region size 1024K, 3 young (3072K), 3 survivors (3072K)
 Metaspace       used 65890K, committed 66560K, reserved 479232K
  class space    used 9150K, committed 9472K, reserved 421888K
}
Event: 12.377 GC heap before
{Heap before GC invocations=27 (full 0):
 garbage-first heap   total 116736K, used 74709K [0x0000000080000000, 0x0000000100000000)
  region size 1024K, 13 young (13312K), 3 survivors (3072K)
 Metaspace       used 67627K, committed 68288K, reserved 487424K
  class space    used 9341K, committed 9664K, reserved 421888K
}
Event: 12.380 GC heap after
{Heap after GC invocations=28 (full 0):
 garbage-first heap   total 116736K, used 66923K [0x0000000080000000, 0x0000000100000000)
  region size 1024K, 2 young (2048K), 2 survivors (2048K)
 Metaspace       used 67627K, committed 68288K, reserved 487424K
  class space    used 9341K, committed 9664K, reserved 421888K
}
Event: 12.739 GC heap before
{Heap before GC invocations=29 (full 0):
 garbage-first heap   total 132096K, used 98667K [0x0000000080000000, 0x0000000100000000)
  region size 1024K, 27 young (27648K), 2 survivors (2048K)
 Metaspace       used 69180K, committed 69888K, reserved 487424K
  class space    used 9553K, committed 9920K, reserved 421888K
}
Event: 12.742 GC heap after
{Heap after GC invocations=30 (full 0):
 garbage-first heap   total 132096K, used 69348K [0x0000000080000000, 0x0000000100000000)
  region size 1024K, 4 young (4096K), 4 survivors (4096K)
 Metaspace       used 69180K, committed 69888K, reserved 487424K
  class space    used 9553K, committed 9920K, reserved 421888K
}
Event: 12.760 GC heap before
{Heap before GC invocations=30 (full 0):
 garbage-first heap   total 132096K, used 71396K [0x0000000080000000, 0x0000000100000000)
  region size 1024K, 6 young (6144K), 4 survivors (4096K)
 Metaspace       used 69303K, committed 70016K, reserved 487424K
  class space    used 9566K, committed 9920K, reserved 421888K
}
Event: 12.763 GC heap after
{Heap after GC invocations=31 (full 0):
 garbage-first heap   total 132096K, used 69948K [0x0000000080000000, 0x0000000100000000)
  region size 1024K, 1 young (1024K), 1 survivors (1024K)
 Metaspace       used 69303K, committed 70016K, reserved 487424K
  class space    used 9566K, committed 9920K, reserved 421888K
}
Event: 12.947 GC heap before
{Heap before GC invocations=31 (full 0):
 garbage-first heap   total 132096K, used 87356K [0x0000000080000000, 0x0000000100000000)
  region size 1024K, 19 young (19456K), 1 survivors (1024K)
 Metaspace       used 70813K, committed 71488K, reserved 487424K
  class space    used 9729K, committed 10048K, reserved 421888K
}
Event: 12.949 GC heap after
{Heap after GC invocations=32 (full 0):
 garbage-first heap   total 132096K, used 70923K [0x0000000080000000, 0x0000000100000000)
  region size 1024K, 2 young (2048K), 2 survivors (2048K)
 Metaspace       used 70813K, committed 71488K, reserved 487424K
  class space    used 9729K, committed 10048K, reserved 421888K
}
Event: 13.317 GC heap before
{Heap before GC invocations=33 (full 0):
 garbage-first heap   total 132096K, used 103691K [0x0000000080000000, 0x0000000100000000)
  region size 1024K, 33 young (33792K), 2 survivors (2048K)
 Metaspace       used 71963K, committed 72640K, reserved 487424K
  class space    used 9921K, committed 10240K, reserved 421888K
}
Event: 13.322 GC heap after
{Heap after GC invocations=34 (full 0):
 garbage-first heap   total 158720K, used 73162K [0x0000000080000000, 0x0000000100000000)
  region size 1024K, 4 young (4096K), 4 survivors (4096K)
 Metaspace       used 71963K, committed 72640K, reserved 487424K
  class space    used 9921K, committed 10240K, reserved 421888K
}
Event: 13.335 GC heap before
{Heap before GC invocations=34 (full 0):
 garbage-first heap   total 158720K, used 76234K [0x0000000080000000, 0x0000000100000000)
  region size 1024K, 7 young (7168K), 4 survivors (4096K)
 Metaspace       used 71965K, committed 72640K, reserved 487424K
  class space    used 9921K, committed 10240K, reserved 421888K
}
Event: 13.338 GC heap after
{Heap after GC invocations=35 (full 0):
 garbage-first heap   total 158720K, used 72885K [0x0000000080000000, 0x0000000100000000)
  region size 1024K, 1 young (1024K), 1 survivors (1024K)
 Metaspace       used 71965K, committed 72640K, reserved 487424K
  class space    used 9921K, committed 10240K, reserved 421888K
}
Event: 17.119 GC heap before
{Heap before GC invocations=35 (full 0):
 garbage-first heap   total 158720K, used 118965K [0x0000000080000000, 0x0000000100000000)
  region size 1024K, 46 young (47104K), 1 survivors (1024K)
 Metaspace       used 75003K, committed 75712K, reserved 487424K
  class space    used 10411K, committed 10752K, reserved 421888K
}
Event: 17.123 GC heap after
{Heap after GC invocations=36 (full 0):
 garbage-first heap   total 158720K, used 76404K [0x0000000080000000, 0x0000000100000000)
  region size 1024K, 5 young (5120K), 5 survivors (5120K)
 Metaspace       used 75003K, committed 75712K, reserved 487424K
  class space    used 10411K, committed 10752K, reserved 421888K
}
Event: 17.789 GC heap before
{Heap before GC invocations=37 (full 0):
 garbage-first heap   total 158720K, used 121460K [0x0000000080000000, 0x0000000100000000)
  region size 1024K, 49 young (50176K), 5 survivors (5120K)
 Metaspace       used 78338K, committed 79104K, reserved 495616K
  class space    used 10982K, committed 11392K, reserved 421888K
}
Event: 17.796 GC heap after
{Heap after GC invocations=38 (full 0):
 garbage-first heap   total 158720K, used 81002K [0x0000000080000000, 0x0000000100000000)
  region size 1024K, 5 young (5120K), 5 survivors (5120K)
 Metaspace       used 78338K, committed 79104K, reserved 495616K
  class space    used 10982K, committed 11392K, reserved 421888K
}
Event: 17.860 GC heap before
{Heap before GC invocations=38 (full 0):
 garbage-first heap   total 158720K, used 82026K [0x0000000080000000, 0x0000000100000000)
  region size 1024K, 7 young (7168K), 5 survivors (5120K)
 Metaspace       used 78399K, committed 79168K, reserved 495616K
  class space    used 10982K, committed 11392K, reserved 421888K
}
Event: 17.865 GC heap after
{Heap after GC invocations=39 (full 0):
 garbage-first heap   total 158720K, used 81586K [0x0000000080000000, 0x0000000100000000)
  region size 1024K, 1 young (1024K), 1 survivors (1024K)
 Metaspace       used 78399K, committed 79168K, reserved 495616K
  class space    used 10982K, committed 11392K, reserved 421888K
}
Event: 18.419 GC heap before
{Heap before GC invocations=39 (full 0):
 garbage-first heap   total 158720K, used 128690K [0x0000000080000000, 0x0000000100000000)
  region size 1024K, 43 young (44032K), 1 survivors (1024K)
 Metaspace       used 80341K, committed 81088K, reserved 495616K
  class space    used 11217K, committed 11584K, reserved 421888K
}

