# JRE version: Java(TM) SE Runtime Environment (17.0.2+8) (build 17.0.2+8-LTS-86)
# Java VM: Java HotSpot(TM) 64-Bit Server VM (17.0.2+8-LTS-86, mixed mode, sharing, tiered, compressed oops, compressed class ptrs, g1 gc, windows-amd64)
GC Precious Log:
 CPUs: 8 total, 8 available
 Memory: 16266M
 Large Page Support: Disabled
 NUMA Support: Disabled
 Compressed Oops: Enabled (32-bit)
 Heap Region Size: 1M
 Heap Min Capacity: 8M
 Heap Initial Capacity: 256M
 Heap Max Capacity: 2G
 Pre-touch: Disabled
 Parallel Workers: 8
 Concurrent Workers: 2
 Concurrent Refinement Workers: 8
 Periodic GC: Disabled
Heap:
 garbage-first heap   total 331776K, used 243403K [0x0000000080000000, 0x0000000100000000)
  region size 1024K, 3 young (3072K), 3 survivors (3072K)
 Metaspace       used 137562K, committed 138752K, reserved 544768K
  class space    used 18432K, committed 19008K, reserved 421888K
GC Heap History (20 events):
Event: 611.772 GC heap after
{Heap after GC invocations=62 (full 0):
 garbage-first heap   total 331776K, used 169312K [0x0000000080000000, 0x0000000100000000)
  region size 1024K, 3 young (3072K), 3 survivors (3072K)
 Metaspace       used 122982K, committed 124096K, reserved 536576K
  class space    used 16105K, committed 16640K, reserved 421888K
}
Event: 612.155 GC heap before
{Heap before GC invocations=62 (full 0):
 garbage-first heap   total 331776K, used 279904K [0x0000000080000000, 0x0000000100000000)
  region size 1024K, 111 young (113664K), 3 survivors (3072K)
 Metaspace       used 122982K, committed 124096K, reserved 536576K
  class space    used 16105K, committed 16640K, reserved 421888K
}
Event: 612.157 GC heap after
{Heap after GC invocations=63 (full 0):
 garbage-first heap   total 331776K, used 170615K [0x0000000080000000, 0x0000000100000000)
  region size 1024K, 5 young (5120K), 5 survivors (5120K)
 Metaspace       used 122982K, committed 124096K, reserved 536576K
  class space    used 16105K, committed 16640K, reserved 421888K
}
Event: 613.442 GC heap before
{Heap before GC invocations=63 (full 0):
 garbage-first heap   total 331776K, used 285303K [0x0000000080000000, 0x0000000100000000)
  region size 1024K, 114 young (116736K), 5 survivors (5120K)
 Metaspace       used 124531K, committed 125568K, reserved 536576K
  class space    used 16325K, committed 16832K, reserved 421888K
}
Event: 613.447 GC heap after
{Heap after GC invocations=64 (full 0):
 garbage-first heap   total 331776K, used 170134K [0x0000000080000000, 0x0000000100000000)
  region size 1024K, 7 young (7168K), 7 survivors (7168K)
 Metaspace       used 124531K, committed 125568K, reserved 536576K
  class space    used 16325K, committed 16832K, reserved 421888K
}
Event: 614.569 GC heap before
{Heap before GC invocations=64 (full 0):
 garbage-first heap   total 331776K, used 287894K [0x0000000080000000, 0x0000000100000000)
  region size 1024K, 118 young (120832K), 7 survivors (7168K)
 Metaspace       used 124774K, committed 125824K, reserved 536576K
  class space    used 16369K, committed 16896K, reserved 421888K
}
Event: 614.574 GC heap after
{Heap after GC invocations=65 (full 0):
 garbage-first heap   total 331776K, used 176619K [0x0000000080000000, 0x0000000100000000)
  region size 1024K, 11 young (11264K), 11 survivors (11264K)
 Metaspace       used 124774K, committed 125824K, reserved 536576K
  class space    used 16369K, committed 16896K, reserved 421888K
}
Event: 615.372 GC heap before
{Heap before GC invocations=65 (full 0):
 garbage-first heap   total 331776K, used 283115K [0x0000000080000000, 0x0000000100000000)
  region size 1024K, 116 young (118784K), 11 survivors (11264K)
 Metaspace       used 128700K, committed 129728K, reserved 536576K
  class space    used 16927K, committed 17408K, reserved 421888K
}
Event: 615.383 GC heap after
{Heap after GC invocations=66 (full 0):
 garbage-first heap   total 331776K, used 193762K [0x0000000080000000, 0x0000000100000000)
  region size 1024K, 15 young (15360K), 15 survivors (15360K)
 Metaspace       used 128700K, committed 129728K, reserved 536576K
  class space    used 16927K, committed 17408K, reserved 421888K
}
Event: 616.028 GC heap before
{Heap before GC invocations=66 (full 0):
 garbage-first heap   total 331776K, used 273634K [0x0000000080000000, 0x0000000100000000)
  region size 1024K, 94 young (96256K), 15 survivors (15360K)
 Metaspace       used 132756K, committed 133888K, reserved 544768K
  class space    used 17596K, committed 18112K, reserved 421888K
}
Event: 616.043 GC heap after
{Heap after GC invocations=67 (full 0):
 garbage-first heap   total 331776K, used 203927K [0x0000000080000000, 0x0000000100000000)
  region size 1024K, 12 young (12288K), 12 survivors (12288K)
 Metaspace       used 132756K, committed 133888K, reserved 544768K
  class space    used 17596K, committed 18112K, reserved 421888K
}
Event: 616.528 GC heap before
{Heap before GC invocations=67 (full 0):
 garbage-first heap   total 331776K, used 272535K [0x0000000080000000, 0x0000000100000000)
  region size 1024K, 79 young (80896K), 12 survivors (12288K)
 Metaspace       used 135123K, committed 136320K, reserved 544768K
  class space    used 18040K, committed 18624K, reserved 421888K
}
Event: 616.550 GC heap after
{Heap after GC invocations=68 (full 0):
 garbage-first heap   total 331776K, used 216327K [0x0000000080000000, 0x0000000100000000)
  region size 1024K, 10 young (10240K), 10 survivors (10240K)
 Metaspace       used 135123K, committed 136320K, reserved 544768K
  class space    used 18040K, committed 18624K, reserved 421888K
}
Event: 616.858 GC heap before
{Heap before GC invocations=68 (full 0):
 garbage-first heap   total 331776K, used 273671K [0x0000000080000000, 0x0000000100000000)
  region size 1024K, 66 young (67584K), 10 survivors (10240K)
 Metaspace       used 136083K, committed 137216K, reserved 544768K
  class space    used 18200K, committed 18752K, reserved 421888K
}
Event: 616.875 GC heap after
{Heap after GC invocations=69 (full 0):
 garbage-first heap   total 331776K, used 226216K [0x0000000080000000, 0x0000000100000000)
  region size 1024K, 9 young (9216K), 9 survivors (9216K)
 Metaspace       used 136083K, committed 137216K, reserved 544768K
  class space    used 18200K, committed 18752K, reserved 421888K
}
Event: 617.121 GC heap before
{Heap before GC invocations=69 (full 0):
 garbage-first heap   total 331776K, used 275368K [0x0000000080000000, 0x0000000100000000)
  region size 1024K, 58 young (59392K), 9 survivors (9216K)
 Metaspace       used 136556K, committed 137728K, reserved 544768K
  class space    used 18288K, committed 18880K, reserved 421888K
}
Event: 617.137 GC heap after
{Heap after GC invocations=70 (full 0):
 garbage-first heap   total 331776K, used 234705K [0x0000000080000000, 0x0000000100000000)
  region size 1024K, 8 young (8192K), 8 survivors (8192K)
 Metaspace       used 136556K, committed 137728K, reserved 544768K
  class space    used 18288K, committed 18880K, reserved 421888K
}
Event: 617.355 GC heap before
{Heap before GC invocations=70 (full 0):
 garbage-first heap   total 331776K, used 277713K [0x0000000080000000, 0x0000000100000000)
  region size 1024K, 51 young (52224K), 8 survivors (8192K)
 Metaspace       used 136921K, committed 138048K, reserved 544768K
  class space    used 18335K, committed 18880K, reserved 421888K
}
Event: 617.371 GC heap after
{Heap after GC invocations=71 (full 0):
 garbage-first heap   total 331776K, used 241232K [0x0000000080000000, 0x0000000100000000)
  region size 1024K, 7 young (7168K), 7 survivors (7168K)
 Metaspace       used 136921K, committed 138048K, reserved 544768K
  class space    used 18335K, committed 18880K, reserved 421888K
}
Event: 617.612 GC heap before
{Heap before GC invocations=71 (full 0):
 garbage-first heap   total 331776K, used 281168K [0x0000000080000000, 0x0000000100000000)
  region size 1024K, 46 young (47104K), 7 survivors (7168K)
 Metaspace       used 137562K, committed 138752K, reserved 544768K
  class space    used 18432K, committed 19008K, reserved 421888K
}

