# JRE version: Java(TM) SE Runtime Environment (17.0.2+8) (build 17.0.2+8-LTS-86)
# Java VM: Java HotSpot(TM) 64-Bit Server VM (17.0.2+8-LTS-86, mixed mode, sharing, tiered, compressed oops, compressed class ptrs, g1 gc, windows-amd64)
GC Precious Log:
 CPUs: 8 total, 8 available
 Memory: 16266M
 Large Page Support: Disabled
 NUMA Support: Disabled
 Compressed Oops: Enabled (32-bit)
 Heap Region Size: 1M
 Heap Min Capacity: 8M
 Heap Initial Capacity: 256M
 Heap Max Capacity: 2G
 Pre-touch: Disabled
 Parallel Workers: 8
 Concurrent Workers: 2
 Concurrent Refinement Workers: 8
 Periodic GC: Disabled
Heap:
 garbage-first heap   total 138240K, used 92828K [0x0000000080000000, 0x0000000100000000)
  region size 1024K, 14 young (14336K), 1 survivors (1024K)
 Metaspace       used 81302K, committed 82112K, reserved 495616K
  class space    used 11311K, committed 11712K, reserved 421888K
GC Heap History (20 events):
Event: 17.806 GC heap before
{Heap before GC invocations=33 (full 0):
 garbage-first heap   total 135168K, used 77575K [0x0000000080000000, 0x0000000100000000)
  region size 1024K, 11 young (11264K), 2 survivors (2048K)
 Metaspace       used 68455K, committed 69120K, reserved 487424K
  class space    used 9439K, committed 9728K, reserved 421888K
}
Event: 17.810 GC heap after
{Heap after GC invocations=34 (full 0):
 garbage-first heap   total 135168K, used 71783K [0x0000000080000000, 0x0000000100000000)
  region size 1024K, 4 young (4096K), 4 survivors (4096K)
 Metaspace       used 68455K, committed 69120K, reserved 487424K
  class space    used 9439K, committed 9728K, reserved 421888K
}
Event: 18.310 GC heap before
{Heap before GC invocations=35 (full 0):
 garbage-first heap   total 135168K, used 100455K [0x0000000080000000, 0x0000000100000000)
  region size 1024K, 30 young (30720K), 4 survivors (4096K)
 Metaspace       used 70723K, committed 71360K, reserved 487424K
  class space    used 9733K, committed 10048K, reserved 421888K
}
Event: 18.313 GC heap after
{Heap after GC invocations=36 (full 0):
 garbage-first heap   total 135168K, used 68940K [0x0000000080000000, 0x0000000100000000)
  region size 1024K, 2 young (2048K), 2 survivors (2048K)
 Metaspace       used 70723K, committed 71360K, reserved 487424K
  class space    used 9733K, committed 10048K, reserved 421888K
}
Event: 18.482 GC heap before
{Heap before GC invocations=36 (full 0):
 garbage-first heap   total 135168K, used 77132K [0x0000000080000000, 0x0000000100000000)
  region size 1024K, 12 young (12288K), 2 survivors (2048K)
 Metaspace       used 71652K, committed 72256K, reserved 487424K
  class space    used 9827K, committed 10112K, reserved 421888K
}
Event: 18.485 GC heap after
{Heap after GC invocations=37 (full 0):
 garbage-first heap   total 135168K, used 69582K [0x0000000080000000, 0x0000000100000000)
  region size 1024K, 3 young (3072K), 3 survivors (3072K)
 Metaspace       used 71652K, committed 72256K, reserved 487424K
  class space    used 9827K, committed 10112K, reserved 421888K
}
Event: 19.142 GC heap before
{Heap before GC invocations=38 (full 0):
 garbage-first heap   total 135168K, used 102350K [0x0000000080000000, 0x0000000100000000)
  region size 1024K, 34 young (34816K), 3 survivors (3072K)
 Metaspace       used 72781K, committed 73472K, reserved 487424K
  class space    used 10013K, committed 10304K, reserved 421888K
}
Event: 19.147 GC heap after
{Heap after GC invocations=39 (full 0):
 garbage-first heap   total 135168K, used 71985K [0x0000000080000000, 0x0000000100000000)
  region size 1024K, 5 young (5120K), 5 survivors (5120K)
 Metaspace       used 72781K, committed 73472K, reserved 487424K
  class space    used 10013K, committed 10304K, reserved 421888K
}
Event: 21.964 GC heap before
{Heap before GC invocations=39 (full 0):
 garbage-first heap   total 135168K, used 103729K [0x0000000080000000, 0x0000000100000000)
  region size 1024K, 36 young (36864K), 5 survivors (5120K)
 Metaspace       used 74039K, committed 74752K, reserved 487424K
  class space    used 10189K, committed 10496K, reserved 421888K
}
Event: 21.971 GC heap after
{Heap after GC invocations=40 (full 0):
 garbage-first heap   total 135168K, used 75212K [0x0000000080000000, 0x0000000100000000)
  region size 1024K, 4 young (4096K), 4 survivors (4096K)
 Metaspace       used 74039K, committed 74752K, reserved 487424K
  class space    used 10189K, committed 10496K, reserved 421888K
}
Event: 22.543 GC heap before
{Heap before GC invocations=41 (full 0):
 garbage-first heap   total 137216K, used 105932K [0x0000000080000000, 0x0000000100000000)
  region size 1024K, 34 young (34816K), 4 survivors (4096K)
 Metaspace       used 77751K, committed 78464K, reserved 495616K
  class space    used 10873K, committed 11200K, reserved 421888K
}
Event: 22.547 GC heap after
{Heap after GC invocations=42 (full 0):
 garbage-first heap   total 137216K, used 77297K [0x0000000080000000, 0x0000000100000000)
  region size 1024K, 3 young (3072K), 3 survivors (3072K)
 Metaspace       used 77751K, committed 78464K, reserved 495616K
  class space    used 10873K, committed 11200K, reserved 421888K
}
Event: 22.654 GC heap before
{Heap before GC invocations=42 (full 0):
 garbage-first heap   total 137216K, used 80369K [0x0000000080000000, 0x0000000100000000)
  region size 1024K, 6 young (6144K), 3 survivors (3072K)
 Metaspace       used 78017K, committed 78656K, reserved 495616K
  class space    used 10906K, committed 11200K, reserved 421888K
}
Event: 22.657 GC heap after
{Heap after GC invocations=43 (full 0):
 garbage-first heap   total 137216K, used 77810K [0x0000000080000000, 0x0000000100000000)
  region size 1024K, 1 young (1024K), 1 survivors (1024K)
 Metaspace       used 78017K, committed 78656K, reserved 495616K
  class space    used 10906K, committed 11200K, reserved 421888K
}
Event: 23.174 GC heap before
{Heap before GC invocations=43 (full 0):
 garbage-first heap   total 137216K, used 109554K [0x0000000080000000, 0x0000000100000000)
  region size 1024K, 32 young (32768K), 1 survivors (1024K)
 Metaspace       used 80331K, committed 81024K, reserved 495616K
  class space    used 11240K, committed 11584K, reserved 421888K
}
Event: 23.177 GC heap after
{Heap after GC invocations=44 (full 0):
 garbage-first heap   total 137216K, used 80291K [0x0000000080000000, 0x0000000100000000)
  region size 1024K, 3 young (3072K), 3 survivors (3072K)
 Metaspace       used 80331K, committed 81024K, reserved 495616K
  class space    used 11240K, committed 11584K, reserved 421888K
}
Event: 997.139 GC heap before
{Heap before GC invocations=45 (full 0):
 garbage-first heap   total 138240K, used 109987K [0x0000000080000000, 0x0000000100000000)
  region size 1024K, 33 young (33792K), 3 survivors (3072K)
 Metaspace       used 81187K, committed 81984K, reserved 495616K
  class space    used 11305K, committed 11712K, reserved 421888K
}
Event: 997.149 GC heap after
{Heap after GC invocations=46 (full 0):
 garbage-first heap   total 138240K, used 80863K [0x0000000080000000, 0x0000000100000000)
  region size 1024K, 1 young (1024K), 1 survivors (1024K)
 Metaspace       used 81187K, committed 81984K, reserved 495616K
  class space    used 11305K, committed 11712K, reserved 421888K
}
Event: 1222.663 GC heap before
{Heap before GC invocations=46 (full 0):
 garbage-first heap   total 138240K, used 85983K [0x0000000080000000, 0x0000000100000000)
  region size 1024K, 6 young (6144K), 1 survivors (1024K)
 Metaspace       used 81210K, committed 81984K, reserved 495616K
  class space    used 11305K, committed 11712K, reserved 421888K
}
Event: 1222.665 GC heap after
{Heap after GC invocations=47 (full 0):
 garbage-first heap   total 138240K, used 80540K [0x0000000080000000, 0x0000000100000000)
  region size 1024K, 1 young (1024K), 1 survivors (1024K)
 Metaspace       used 81210K, committed 81984K, reserved 495616K
  class space    used 11305K, committed 11712K, reserved 421888K
}

